{"/home/jmartin/Documentos/Cursos/Javascript/Node/RESTWeb/src/data/postgres/index.ts": {"path":"/home/jmartin/Documentos/Cursos/Javascript/Node/RESTWeb/src/data/postgres/index.ts","all":false,"statementMap":{"0":{"start":{"line":1,"column":0},"end":{"line":1,"column":46}},"1":{"start":{"line":2,"column":0},"end":{"line":2,"column":0}},"2":{"start":{"line":3,"column":0},"end":{"line":3,"column":41}}},"s":{"0":1,"1":1,"2":1},"branchMap":{},"b":{},"fnMap":{},"f":{}}
,"/home/jmartin/Documentos/Cursos/Javascript/Node/RESTWeb/src/domain/index.ts": {"path":"/home/jmartin/Documentos/Cursos/Javascript/Node/RESTWeb/src/domain/index.ts","all":false,"statementMap":{"0":{"start":{"line":1,"column":0},"end":{"line":1,"column":46}},"1":{"start":{"line":2,"column":0},"end":{"line":2,"column":23}},"2":{"start":{"line":3,"column":0},"end":{"line":3,"column":39}},"3":{"start":{"line":4,"column":0},"end":{"line":4,"column":47}},"4":{"start":{"line":5,"column":0},"end":{"line":5,"column":0}},"5":{"start":{"line":6,"column":0},"end":{"line":6,"column":44}},"6":{"start":{"line":7,"column":0},"end":{"line":7,"column":44}},"7":{"start":{"line":8,"column":0},"end":{"line":8,"column":41}},"8":{"start":{"line":9,"column":0},"end":{"line":9,"column":42}},"9":{"start":{"line":10,"column":0},"end":{"line":10,"column":44}},"10":{"start":{"line":11,"column":0},"end":{"line":11,"column":38}}},"s":{"0":1,"1":1,"2":1,"3":1,"4":1,"5":1,"6":1,"7":1,"8":1,"9":1,"10":1},"branchMap":{},"b":{},"fnMap":{},"f":{}}
,"/home/jmartin/Documentos/Cursos/Javascript/Node/RESTWeb/src/domain/dtos/todos/create-todo.dto.ts": {"path":"/home/jmartin/Documentos/Cursos/Javascript/Node/RESTWeb/src/domain/dtos/todos/create-todo.dto.ts","all":false,"statementMap":{"0":{"start":{"line":1,"column":0},"end":{"line":1,"column":0}},"1":{"start":{"line":2,"column":0},"end":{"line":2,"column":0}},"2":{"start":{"line":3,"column":0},"end":{"line":3,"column":28}},"3":{"start":{"line":4,"column":0},"end":{"line":4,"column":24}},"4":{"start":{"line":5,"column":0},"end":{"line":5,"column":37}},"5":{"start":{"line":6,"column":0},"end":{"line":6,"column":7}},"6":{"start":{"line":7,"column":0},"end":{"line":7,"column":0}},"7":{"start":{"line":8,"column":0},"end":{"line":8,"column":73}},"8":{"start":{"line":9,"column":0},"end":{"line":9,"column":29}},"9":{"start":{"line":10,"column":0},"end":{"line":10,"column":88}},"10":{"start":{"line":11,"column":0},"end":{"line":11,"column":8}},"11":{"start":{"line":12,"column":0},"end":{"line":12,"column":52}},"12":{"start":{"line":13,"column":0},"end":{"line":13,"column":0}},"13":{"start":{"line":14,"column":0},"end":{"line":14,"column":5}},"14":{"start":{"line":15,"column":0},"end":{"line":15,"column":1}}},"s":{"0":1,"1":1,"2":1,"3":1,"4":1,"5":1,"6":1,"7":1,"8":3,"9":3,"10":1,"11":1,"12":1,"13":1,"14":1},"branchMap":{"0":{"type":"branch","line":4,"loc":{"start":{"line":4,"column":4},"end":{"line":6,"column":7}},"locations":[{"start":{"line":4,"column":4},"end":{"line":6,"column":7}}]},"1":{"type":"branch","line":8,"loc":{"start":{"line":8,"column":11},"end":{"line":14,"column":5}},"locations":[{"start":{"line":8,"column":11},"end":{"line":14,"column":5}}]},"2":{"type":"branch","line":10,"loc":{"start":{"line":10,"column":16},"end":{"line":10,"column":37}},"locations":[{"start":{"line":10,"column":16},"end":{"line":10,"column":37}}]},"3":{"type":"branch","line":10,"loc":{"start":{"line":10,"column":39},"end":{"line":10,"column":88}},"locations":[{"start":{"line":10,"column":39},"end":{"line":10,"column":88}}]},"4":{"type":"branch","line":11,"loc":{"start":{"line":11,"column":-1},"end":{"line":14,"column":5}},"locations":[{"start":{"line":11,"column":-1},"end":{"line":14,"column":5}}]}},"b":{"0":[1],"1":[3],"2":[1],"3":[2],"4":[1]},"fnMap":{"0":{"name":"CreateTodoDto","decl":{"start":{"line":4,"column":4},"end":{"line":6,"column":7}},"loc":{"start":{"line":4,"column":4},"end":{"line":6,"column":7}},"line":4},"1":{"name":"create","decl":{"start":{"line":8,"column":11},"end":{"line":14,"column":5}},"loc":{"start":{"line":8,"column":11},"end":{"line":14,"column":5}},"line":8}},"f":{"0":1,"1":3}}
,"/home/jmartin/Documentos/Cursos/Javascript/Node/RESTWeb/src/domain/errors/custom.error.ts": {"path":"/home/jmartin/Documentos/Cursos/Javascript/Node/RESTWeb/src/domain/errors/custom.error.ts","all":false,"statementMap":{"0":{"start":{"line":1,"column":0},"end":{"line":1,"column":0}},"1":{"start":{"line":2,"column":0},"end":{"line":2,"column":0}},"2":{"start":{"line":3,"column":0},"end":{"line":3,"column":40}},"3":{"start":{"line":4,"column":0},"end":{"line":4,"column":16}},"4":{"start":{"line":5,"column":0},"end":{"line":5,"column":40}},"5":{"start":{"line":6,"column":0},"end":{"line":6,"column":49}},"6":{"start":{"line":7,"column":0},"end":{"line":7,"column":7}},"7":{"start":{"line":8,"column":0},"end":{"line":8,"column":23}},"8":{"start":{"line":9,"column":0},"end":{"line":9,"column":5}},"9":{"start":{"line":10,"column":0},"end":{"line":10,"column":1}}},"s":{"0":1,"1":1,"2":1,"3":1,"4":3,"5":3,"6":3,"7":3,"8":3,"9":1},"branchMap":{"0":{"type":"branch","line":4,"loc":{"start":{"line":4,"column":4},"end":{"line":9,"column":5}},"locations":[{"start":{"line":4,"column":4},"end":{"line":9,"column":5}}]}},"b":{"0":[3]},"fnMap":{"0":{"name":"CustomError","decl":{"start":{"line":4,"column":4},"end":{"line":9,"column":5}},"loc":{"start":{"line":4,"column":4},"end":{"line":9,"column":5}},"line":4}},"f":{"0":3}}
,"/home/jmartin/Documentos/Cursos/Javascript/Node/RESTWeb/src/infrastructure/datasource/todo.datasource.impl.ts": {"path":"/home/jmartin/Documentos/Cursos/Javascript/Node/RESTWeb/src/infrastructure/datasource/todo.datasource.impl.ts","all":false,"statementMap":{"0":{"start":{"line":1,"column":0},"end":{"line":1,"column":45}},"1":{"start":{"line":2,"column":0},"end":{"line":2,"column":101}},"2":{"start":{"line":3,"column":0},"end":{"line":3,"column":0}},"3":{"start":{"line":4,"column":0},"end":{"line":4,"column":0}},"4":{"start":{"line":5,"column":0},"end":{"line":5,"column":59}},"5":{"start":{"line":6,"column":0},"end":{"line":6,"column":0}},"6":{"start":{"line":7,"column":0},"end":{"line":7,"column":0}},"7":{"start":{"line":8,"column":0},"end":{"line":8,"column":69}},"8":{"start":{"line":9,"column":0},"end":{"line":9,"column":47}},"9":{"start":{"line":10,"column":0},"end":{"line":10,"column":32}},"10":{"start":{"line":11,"column":0},"end":{"line":11,"column":11}},"11":{"start":{"line":12,"column":0},"end":{"line":12,"column":0}},"12":{"start":{"line":13,"column":0},"end":{"line":13,"column":43}},"13":{"start":{"line":14,"column":0},"end":{"line":14,"column":0}},"14":{"start":{"line":15,"column":0},"end":{"line":15,"column":5}},"15":{"start":{"line":16,"column":0},"end":{"line":16,"column":0}},"16":{"start":{"line":17,"column":0},"end":{"line":17,"column":43}},"17":{"start":{"line":18,"column":0},"end":{"line":18,"column":51}},"18":{"start":{"line":19,"column":0},"end":{"line":19,"column":0}},"19":{"start":{"line":20,"column":0},"end":{"line":20,"column":70}},"20":{"start":{"line":21,"column":0},"end":{"line":21,"column":22}},"21":{"start":{"line":22,"column":0},"end":{"line":22,"column":5}},"22":{"start":{"line":23,"column":0},"end":{"line":23,"column":0}},"23":{"start":{"line":24,"column":0},"end":{"line":24,"column":53}},"24":{"start":{"line":25,"column":0},"end":{"line":25,"column":51}},"25":{"start":{"line":26,"column":0},"end":{"line":26,"column":25}},"26":{"start":{"line":27,"column":0},"end":{"line":27,"column":11}},"27":{"start":{"line":28,"column":0},"end":{"line":28,"column":0}},"28":{"start":{"line":29,"column":0},"end":{"line":29,"column":78}},"29":{"start":{"line":30,"column":0},"end":{"line":30,"column":0}},"30":{"start":{"line":31,"column":0},"end":{"line":31,"column":43}},"31":{"start":{"line":32,"column":0},"end":{"line":32,"column":0}},"32":{"start":{"line":33,"column":0},"end":{"line":33,"column":5}},"33":{"start":{"line":34,"column":0},"end":{"line":34,"column":0}},"34":{"start":{"line":35,"column":0},"end":{"line":35,"column":73}},"35":{"start":{"line":36,"column":0},"end":{"line":36,"column":46}},"36":{"start":{"line":37,"column":0},"end":{"line":37,"column":0}},"37":{"start":{"line":38,"column":0},"end":{"line":38,"column":54}},"38":{"start":{"line":39,"column":0},"end":{"line":39,"column":44}},"39":{"start":{"line":40,"column":0},"end":{"line":40,"column":39}},"40":{"start":{"line":41,"column":0},"end":{"line":41,"column":11}},"41":{"start":{"line":42,"column":0},"end":{"line":42,"column":0}},"42":{"start":{"line":43,"column":0},"end":{"line":43,"column":50}},"43":{"start":{"line":44,"column":0},"end":{"line":44,"column":5}},"44":{"start":{"line":45,"column":0},"end":{"line":45,"column":0}},"45":{"start":{"line":46,"column":0},"end":{"line":46,"column":55}},"46":{"start":{"line":47,"column":0},"end":{"line":47,"column":32}},"47":{"start":{"line":48,"column":0},"end":{"line":48,"column":0}},"48":{"start":{"line":49,"column":0},"end":{"line":49,"column":54}},"49":{"start":{"line":50,"column":0},"end":{"line":50,"column":20}},"50":{"start":{"line":51,"column":0},"end":{"line":51,"column":18}},"51":{"start":{"line":52,"column":0},"end":{"line":52,"column":14}},"52":{"start":{"line":53,"column":0},"end":{"line":53,"column":11}},"53":{"start":{"line":54,"column":0},"end":{"line":54,"column":0}},"54":{"start":{"line":55,"column":0},"end":{"line":55,"column":50}},"55":{"start":{"line":56,"column":0},"end":{"line":56,"column":5}},"56":{"start":{"line":57,"column":0},"end":{"line":57,"column":0}},"57":{"start":{"line":58,"column":0},"end":{"line":58,"column":1}}},"s":{"0":1,"1":1,"2":1,"3":1,"4":1,"5":1,"6":1,"7":1,"8":1,"9":1,"10":1,"11":1,"12":1,"13":1,"14":1,"15":1,"16":1,"17":1,"18":1,"19":1,"20":1,"21":1,"22":1,"23":1,"24":7,"25":7,"26":7,"27":7,"28":7,"29":4,"30":4,"31":4,"32":4,"33":1,"34":1,"35":3,"36":2,"37":2,"38":2,"39":2,"40":2,"41":2,"42":2,"43":2,"44":1,"45":1,"46":2,"47":1,"48":1,"49":1,"50":1,"51":1,"52":1,"53":1,"54":1,"55":1,"56":1,"57":1},"branchMap":{"0":{"type":"branch","line":8,"loc":{"start":{"line":8,"column":10},"end":{"line":15,"column":5}},"locations":[{"start":{"line":8,"column":10},"end":{"line":15,"column":5}}]},"1":{"type":"branch","line":17,"loc":{"start":{"line":17,"column":10},"end":{"line":22,"column":5}},"locations":[{"start":{"line":17,"column":10},"end":{"line":22,"column":5}}]},"2":{"type":"branch","line":20,"loc":{"start":{"line":20,"column":33},"end":{"line":20,"column":68}},"locations":[{"start":{"line":20,"column":33},"end":{"line":20,"column":68}}]},"3":{"type":"branch","line":24,"loc":{"start":{"line":24,"column":10},"end":{"line":33,"column":5}},"locations":[{"start":{"line":24,"column":10},"end":{"line":33,"column":5}}]},"4":{"type":"branch","line":29,"loc":{"start":{"line":29,"column":19},"end":{"line":29,"column":78}},"locations":[{"start":{"line":29,"column":19},"end":{"line":29,"column":78}}]},"5":{"type":"branch","line":30,"loc":{"start":{"line":30,"column":-1},"end":{"line":33,"column":5}},"locations":[{"start":{"line":30,"column":-1},"end":{"line":33,"column":5}}]},"6":{"type":"branch","line":35,"loc":{"start":{"line":35,"column":10},"end":{"line":44,"column":5}},"locations":[{"start":{"line":35,"column":10},"end":{"line":44,"column":5}}]},"7":{"type":"branch","line":37,"loc":{"start":{"line":37,"column":-1},"end":{"line":44,"column":5}},"locations":[{"start":{"line":37,"column":-1},"end":{"line":44,"column":5}}]},"8":{"type":"branch","line":46,"loc":{"start":{"line":46,"column":10},"end":{"line":56,"column":5}},"locations":[{"start":{"line":46,"column":10},"end":{"line":56,"column":5}}]},"9":{"type":"branch","line":48,"loc":{"start":{"line":48,"column":-1},"end":{"line":56,"column":5}},"locations":[{"start":{"line":48,"column":-1},"end":{"line":56,"column":5}}]}},"b":{"0":[1],"1":[1],"2":[2],"3":[7],"4":[3],"5":[4],"6":[3],"7":[2],"8":[2],"9":[1]},"fnMap":{"0":{"name":"create","decl":{"start":{"line":8,"column":10},"end":{"line":15,"column":5}},"loc":{"start":{"line":8,"column":10},"end":{"line":15,"column":5}},"line":8},"1":{"name":"getAll","decl":{"start":{"line":17,"column":10},"end":{"line":22,"column":5}},"loc":{"start":{"line":17,"column":10},"end":{"line":22,"column":5}},"line":17},"2":{"name":"findById","decl":{"start":{"line":24,"column":10},"end":{"line":33,"column":5}},"loc":{"start":{"line":24,"column":10},"end":{"line":33,"column":5}},"line":24},"3":{"name":"updateById","decl":{"start":{"line":35,"column":10},"end":{"line":44,"column":5}},"loc":{"start":{"line":35,"column":10},"end":{"line":44,"column":5}},"line":35},"4":{"name":"deleteById","decl":{"start":{"line":46,"column":10},"end":{"line":56,"column":5}},"loc":{"start":{"line":46,"column":10},"end":{"line":56,"column":5}},"line":46}},"f":{"0":1,"1":1,"2":7,"3":3,"4":2}}
,"/home/jmartin/Documentos/Cursos/Javascript/Node/RESTWeb/src/presentation/server.ts": {"path":"/home/jmartin/Documentos/Cursos/Javascript/Node/RESTWeb/src/presentation/server.ts","all":false,"statementMap":{"0":{"start":{"line":1,"column":0},"end":{"line":1,"column":42}},"1":{"start":{"line":2,"column":0},"end":{"line":2,"column":24}},"2":{"start":{"line":3,"column":0},"end":{"line":3,"column":37}},"3":{"start":{"line":4,"column":0},"end":{"line":4,"column":38}},"4":{"start":{"line":5,"column":0},"end":{"line":5,"column":0}},"5":{"start":{"line":6,"column":0},"end":{"line":6,"column":19}},"6":{"start":{"line":7,"column":0},"end":{"line":7,"column":17}},"7":{"start":{"line":8,"column":0},"end":{"line":8,"column":24}},"8":{"start":{"line":9,"column":0},"end":{"line":9,"column":19}},"9":{"start":{"line":10,"column":0},"end":{"line":10,"column":1}},"10":{"start":{"line":11,"column":0},"end":{"line":11,"column":0}},"11":{"start":{"line":12,"column":0},"end":{"line":12,"column":21}},"12":{"start":{"line":13,"column":0},"end":{"line":13,"column":0}},"13":{"start":{"line":14,"column":0},"end":{"line":14,"column":36}},"14":{"start":{"line":15,"column":0},"end":{"line":15,"column":32}},"15":{"start":{"line":16,"column":0},"end":{"line":16,"column":34}},"16":{"start":{"line":17,"column":0},"end":{"line":17,"column":40}},"17":{"start":{"line":18,"column":0},"end":{"line":18,"column":36}},"18":{"start":{"line":19,"column":0},"end":{"line":19,"column":0}},"19":{"start":{"line":20,"column":0},"end":{"line":20,"column":35}},"20":{"start":{"line":21,"column":0},"end":{"line":21,"column":53}},"21":{"start":{"line":22,"column":0},"end":{"line":22,"column":25}},"22":{"start":{"line":23,"column":0},"end":{"line":23,"column":49}},"23":{"start":{"line":24,"column":0},"end":{"line":24,"column":29}},"24":{"start":{"line":25,"column":0},"end":{"line":25,"column":5}},"25":{"start":{"line":26,"column":0},"end":{"line":26,"column":0}},"26":{"start":{"line":27,"column":0},"end":{"line":27,"column":0}},"27":{"start":{"line":28,"column":0},"end":{"line":28,"column":0}},"28":{"start":{"line":29,"column":0},"end":{"line":29,"column":19}},"29":{"start":{"line":30,"column":0},"end":{"line":30,"column":0}},"30":{"start":{"line":31,"column":0},"end":{"line":31,"column":24}},"31":{"start":{"line":32,"column":0},"end":{"line":32,"column":0}},"32":{"start":{"line":33,"column":0},"end":{"line":33,"column":37}},"33":{"start":{"line":34,"column":0},"end":{"line":34,"column":80}},"34":{"start":{"line":35,"column":0},"end":{"line":35,"column":122}},"35":{"start":{"line":36,"column":0},"end":{"line":36,"column":0}},"36":{"start":{"line":37,"column":0},"end":{"line":37,"column":19}},"37":{"start":{"line":38,"column":0},"end":{"line":38,"column":34}},"38":{"start":{"line":39,"column":0},"end":{"line":39,"column":0}},"39":{"start":{"line":40,"column":0},"end":{"line":40,"column":26}},"40":{"start":{"line":41,"column":0},"end":{"line":41,"column":54}},"41":{"start":{"line":42,"column":0},"end":{"line":42,"column":0}},"42":{"start":{"line":43,"column":0},"end":{"line":43,"column":8}},"43":{"start":{"line":44,"column":0},"end":{"line":44,"column":58}},"44":{"start":{"line":45,"column":0},"end":{"line":45,"column":41}},"45":{"start":{"line":46,"column":0},"end":{"line":46,"column":94}},"46":{"start":{"line":47,"column":0},"end":{"line":47,"column":36}},"47":{"start":{"line":48,"column":0},"end":{"line":48,"column":10}},"48":{"start":{"line":49,"column":0},"end":{"line":49,"column":0}},"49":{"start":{"line":50,"column":0},"end":{"line":50,"column":64}},"50":{"start":{"line":51,"column":0},"end":{"line":51,"column":63}},"51":{"start":{"line":52,"column":0},"end":{"line":52,"column":11}},"52":{"start":{"line":53,"column":0},"end":{"line":53,"column":5}},"53":{"start":{"line":54,"column":0},"end":{"line":54,"column":0}},"54":{"start":{"line":55,"column":0},"end":{"line":55,"column":19}},"55":{"start":{"line":56,"column":0},"end":{"line":56,"column":37}},"56":{"start":{"line":57,"column":0},"end":{"line":57,"column":5}},"57":{"start":{"line":58,"column":0},"end":{"line":58,"column":0}},"58":{"start":{"line":59,"column":0},"end":{"line":59,"column":0}},"59":{"start":{"line":60,"column":0},"end":{"line":60,"column":1}}},"s":{"0":1,"1":1,"2":1,"3":1,"4":1,"5":1,"6":1,"7":1,"8":1,"9":1,"10":1,"11":1,"12":1,"13":1,"14":1,"15":1,"16":1,"17":1,"18":1,"19":1,"20":1,"21":1,"22":1,"23":1,"24":1,"25":1,"26":1,"27":1,"28":1,"29":1,"30":1,"31":1,"32":1,"33":1,"34":1,"35":1,"36":1,"37":1,"38":1,"39":1,"40":1,"41":1,"42":1,"43":1,"44":1,"45":0,"46":0,"47":1,"48":1,"49":1,"50":1,"51":1,"52":1,"53":1,"54":1,"55":1,"56":1,"57":1,"58":1,"59":1},"branchMap":{"0":{"type":"branch","line":20,"loc":{"start":{"line":20,"column":4},"end":{"line":25,"column":5}},"locations":[{"start":{"line":20,"column":4},"end":{"line":25,"column":5}}]},"1":{"type":"branch","line":23,"loc":{"start":{"line":23,"column":36},"end":{"line":23,"column":35}},"locations":[{"start":{"line":23,"column":36},"end":{"line":23,"column":35}}]},"2":{"type":"branch","line":29,"loc":{"start":{"line":29,"column":10},"end":{"line":53,"column":5}},"locations":[{"start":{"line":29,"column":10},"end":{"line":53,"column":5}}]},"3":{"type":"branch","line":50,"loc":{"start":{"line":50,"column":57},"end":{"line":52,"column":9}},"locations":[{"start":{"line":50,"column":57},"end":{"line":52,"column":9}}]},"4":{"type":"branch","line":55,"loc":{"start":{"line":55,"column":11},"end":{"line":57,"column":5}},"locations":[{"start":{"line":55,"column":11},"end":{"line":57,"column":5}}]},"5":{"type":"branch","line":56,"loc":{"start":{"line":56,"column":27},"end":{"line":56,"column":29}},"locations":[{"start":{"line":56,"column":27},"end":{"line":56,"column":29}}]}},"b":{"0":[1],"1":[0],"2":[1],"3":[1],"4":[1],"5":[0]},"fnMap":{"0":{"name":"Server","decl":{"start":{"line":20,"column":4},"end":{"line":25,"column":5}},"loc":{"start":{"line":20,"column":4},"end":{"line":25,"column":5}},"line":20},"1":{"name":"start","decl":{"start":{"line":29,"column":10},"end":{"line":53,"column":5}},"loc":{"start":{"line":29,"column":10},"end":{"line":53,"column":5}},"line":29},"2":{"name":"close","decl":{"start":{"line":55,"column":11},"end":{"line":57,"column":5}},"loc":{"start":{"line":55,"column":11},"end":{"line":57,"column":5}},"line":55}},"f":{"0":1,"1":1,"2":1}}
,"/home/jmartin/Documentos/Cursos/Javascript/Node/RESTWeb/src/presentation/todos/controller.ts": {"path":"/home/jmartin/Documentos/Cursos/Javascript/Node/RESTWeb/src/presentation/todos/controller.ts","all":false,"statementMap":{"0":{"start":{"line":1,"column":0},"end":{"line":1,"column":44}},"1":{"start":{"line":2,"column":0},"end":{"line":2,"column":65}},"2":{"start":{"line":3,"column":0},"end":{"line":3,"column":114}},"3":{"start":{"line":4,"column":0},"end":{"line":4,"column":0}},"4":{"start":{"line":5,"column":0},"end":{"line":5,"column":0}},"5":{"start":{"line":6,"column":0},"end":{"line":6,"column":29}},"6":{"start":{"line":7,"column":0},"end":{"line":7,"column":0}},"7":{"start":{"line":8,"column":0},"end":{"line":8,"column":10}},"8":{"start":{"line":9,"column":0},"end":{"line":9,"column":16}},"9":{"start":{"line":10,"column":0},"end":{"line":10,"column":51}},"10":{"start":{"line":11,"column":0},"end":{"line":11,"column":9}},"11":{"start":{"line":12,"column":0},"end":{"line":12,"column":0}},"12":{"start":{"line":13,"column":0},"end":{"line":13,"column":62}},"13":{"start":{"line":14,"column":0},"end":{"line":14,"column":43}},"14":{"start":{"line":15,"column":0},"end":{"line":15,"column":72}},"15":{"start":{"line":16,"column":0},"end":{"line":16,"column":19}},"16":{"start":{"line":17,"column":0},"end":{"line":17,"column":9}},"17":{"start":{"line":18,"column":0},"end":{"line":18,"column":78}},"18":{"start":{"line":19,"column":0},"end":{"line":19,"column":5}},"19":{"start":{"line":20,"column":0},"end":{"line":20,"column":0}},"20":{"start":{"line":21,"column":0},"end":{"line":21,"column":56}},"21":{"start":{"line":22,"column":0},"end":{"line":22,"column":37}},"22":{"start":{"line":23,"column":0},"end":{"line":23,"column":22}},"23":{"start":{"line":24,"column":0},"end":{"line":24,"column":43}},"24":{"start":{"line":25,"column":0},"end":{"line":25,"column":58}},"25":{"start":{"line":26,"column":0},"end":{"line":26,"column":6}},"26":{"start":{"line":27,"column":0},"end":{"line":27,"column":0}},"27":{"start":{"line":28,"column":0},"end":{"line":28,"column":59}},"28":{"start":{"line":29,"column":0},"end":{"line":29,"column":88}},"29":{"start":{"line":30,"column":0},"end":{"line":30,"column":0}},"30":{"start":{"line":31,"column":0},"end":{"line":31,"column":36}},"31":{"start":{"line":32,"column":0},"end":{"line":32,"column":24}},"32":{"start":{"line":33,"column":0},"end":{"line":33,"column":41}},"33":{"start":{"line":34,"column":0},"end":{"line":34,"column":58}},"34":{"start":{"line":35,"column":0},"end":{"line":35,"column":5}},"35":{"start":{"line":36,"column":0},"end":{"line":36,"column":0}},"36":{"start":{"line":37,"column":0},"end":{"line":37,"column":58}},"37":{"start":{"line":38,"column":0},"end":{"line":38,"column":70}},"38":{"start":{"line":39,"column":0},"end":{"line":39,"column":0}},"39":{"start":{"line":40,"column":0},"end":{"line":40,"column":58}},"40":{"start":{"line":41,"column":0},"end":{"line":41,"column":0}},"41":{"start":{"line":42,"column":0},"end":{"line":42,"column":39}},"42":{"start":{"line":43,"column":0},"end":{"line":43,"column":36}},"43":{"start":{"line":44,"column":0},"end":{"line":44,"column":53}},"44":{"start":{"line":45,"column":0},"end":{"line":45,"column":58}},"45":{"start":{"line":46,"column":0},"end":{"line":46,"column":5}},"46":{"start":{"line":47,"column":0},"end":{"line":47,"column":0}},"47":{"start":{"line":48,"column":0},"end":{"line":48,"column":58}},"48":{"start":{"line":49,"column":0},"end":{"line":49,"column":34}},"49":{"start":{"line":50,"column":0},"end":{"line":50,"column":80}},"50":{"start":{"line":51,"column":0},"end":{"line":51,"column":0}},"51":{"start":{"line":52,"column":0},"end":{"line":52,"column":58}},"52":{"start":{"line":53,"column":0},"end":{"line":53,"column":0}},"53":{"start":{"line":54,"column":0},"end":{"line":54,"column":39}},"54":{"start":{"line":55,"column":0},"end":{"line":55,"column":36}},"55":{"start":{"line":56,"column":0},"end":{"line":56,"column":41}},"56":{"start":{"line":57,"column":0},"end":{"line":57,"column":58}},"57":{"start":{"line":58,"column":0},"end":{"line":58,"column":5}},"58":{"start":{"line":59,"column":0},"end":{"line":59,"column":0}},"59":{"start":{"line":60,"column":0},"end":{"line":60,"column":58}},"60":{"start":{"line":61,"column":0},"end":{"line":61,"column":34}},"61":{"start":{"line":62,"column":0},"end":{"line":62,"column":0}},"62":{"start":{"line":63,"column":0},"end":{"line":63,"column":39}},"63":{"start":{"line":64,"column":0},"end":{"line":64,"column":24}},"64":{"start":{"line":65,"column":0},"end":{"line":65,"column":41}},"65":{"start":{"line":66,"column":0},"end":{"line":66,"column":58}},"66":{"start":{"line":67,"column":0},"end":{"line":67,"column":0}},"67":{"start":{"line":68,"column":0},"end":{"line":68,"column":5}},"68":{"start":{"line":69,"column":0},"end":{"line":69,"column":1}}},"s":{"0":1,"1":1,"2":1,"3":1,"4":1,"5":1,"6":1,"7":1,"8":1,"9":2,"10":2,"11":1,"12":1,"13":3,"14":3,"15":3,"16":3,"17":0,"18":0,"19":1,"20":1,"21":1,"22":1,"23":1,"24":1,"25":1,"26":1,"27":1,"28":2,"29":2,"30":2,"31":2,"32":2,"33":2,"34":2,"35":1,"36":1,"37":3,"38":3,"39":3,"40":1,"41":1,"42":1,"43":1,"44":1,"45":1,"46":1,"47":1,"48":3,"49":3,"50":3,"51":3,"52":3,"53":3,"54":3,"55":3,"56":3,"57":3,"58":1,"59":1,"60":2,"61":2,"62":2,"63":2,"64":2,"65":2,"66":2,"67":2,"68":1},"branchMap":{"0":{"type":"branch","line":9,"loc":{"start":{"line":9,"column":4},"end":{"line":11,"column":9}},"locations":[{"start":{"line":9,"column":4},"end":{"line":11,"column":9}}]},"1":{"type":"branch","line":13,"loc":{"start":{"line":13,"column":26},"end":{"line":19,"column":5}},"locations":[{"start":{"line":13,"column":26},"end":{"line":19,"column":5}}]},"2":{"type":"branch","line":18,"loc":{"start":{"line":18,"column":-1},"end":{"line":19,"column":5}},"locations":[{"start":{"line":18,"column":-1},"end":{"line":19,"column":5}}]},"3":{"type":"branch","line":21,"loc":{"start":{"line":21,"column":22},"end":{"line":26,"column":5}},"locations":[{"start":{"line":21,"column":22},"end":{"line":26,"column":5}}]},"4":{"type":"branch","line":24,"loc":{"start":{"line":24,"column":18},"end":{"line":24,"column":42}},"locations":[{"start":{"line":24,"column":18},"end":{"line":24,"column":42}}]},"5":{"type":"branch","line":28,"loc":{"start":{"line":28,"column":25},"end":{"line":35,"column":5}},"locations":[{"start":{"line":28,"column":25},"end":{"line":35,"column":5}}]},"6":{"type":"branch","line":33,"loc":{"start":{"line":33,"column":18},"end":{"line":33,"column":40}},"locations":[{"start":{"line":33,"column":18},"end":{"line":33,"column":40}}]},"7":{"type":"branch","line":34,"loc":{"start":{"line":34,"column":19},"end":{"line":34,"column":56}},"locations":[{"start":{"line":34,"column":19},"end":{"line":34,"column":56}}]},"8":{"type":"branch","line":37,"loc":{"start":{"line":37,"column":24},"end":{"line":46,"column":5}},"locations":[{"start":{"line":37,"column":24},"end":{"line":46,"column":5}}]},"9":{"type":"branch","line":40,"loc":{"start":{"line":40,"column":19},"end":{"line":40,"column":58}},"locations":[{"start":{"line":40,"column":19},"end":{"line":40,"column":58}}]},"10":{"type":"branch","line":41,"loc":{"start":{"line":41,"column":-1},"end":{"line":46,"column":5}},"locations":[{"start":{"line":41,"column":-1},"end":{"line":46,"column":5}}]},"11":{"type":"branch","line":44,"loc":{"start":{"line":44,"column":18},"end":{"line":44,"column":52}},"locations":[{"start":{"line":44,"column":18},"end":{"line":44,"column":52}}]},"12":{"type":"branch","line":48,"loc":{"start":{"line":48,"column":24},"end":{"line":58,"column":5}},"locations":[{"start":{"line":48,"column":24},"end":{"line":58,"column":5}}]},"13":{"type":"branch","line":52,"loc":{"start":{"line":52,"column":19},"end":{"line":52,"column":58}},"locations":[{"start":{"line":52,"column":19},"end":{"line":52,"column":58}}]},"14":{"type":"branch","line":56,"loc":{"start":{"line":56,"column":18},"end":{"line":56,"column":40}},"locations":[{"start":{"line":56,"column":18},"end":{"line":56,"column":40}}]},"15":{"type":"branch","line":57,"loc":{"start":{"line":57,"column":19},"end":{"line":57,"column":56}},"locations":[{"start":{"line":57,"column":19},"end":{"line":57,"column":56}}]},"16":{"type":"branch","line":60,"loc":{"start":{"line":60,"column":24},"end":{"line":68,"column":5}},"locations":[{"start":{"line":60,"column":24},"end":{"line":68,"column":5}}]},"17":{"type":"branch","line":65,"loc":{"start":{"line":65,"column":18},"end":{"line":65,"column":40}},"locations":[{"start":{"line":65,"column":18},"end":{"line":65,"column":40}}]},"18":{"type":"branch","line":66,"loc":{"start":{"line":66,"column":19},"end":{"line":66,"column":56}},"locations":[{"start":{"line":66,"column":19},"end":{"line":66,"column":56}}]}},"b":{"0":[2],"1":[3],"2":[0],"3":[1],"4":[1],"5":[2],"6":[1],"7":[1],"8":[3],"9":[2],"10":[1],"11":[1],"12":[3],"13":[0],"14":[2],"15":[1],"16":[2],"17":[1],"18":[1]},"fnMap":{"0":{"name":"TodoController","decl":{"start":{"line":9,"column":4},"end":{"line":11,"column":9}},"loc":{"start":{"line":9,"column":4},"end":{"line":11,"column":9}},"line":9},"1":{"name":"TodoController.handleError","decl":{"start":{"line":13,"column":26},"end":{"line":19,"column":5}},"loc":{"start":{"line":13,"column":26},"end":{"line":19,"column":5}},"line":13},"2":{"name":"TodoController.getTodos","decl":{"start":{"line":21,"column":22},"end":{"line":26,"column":5}},"loc":{"start":{"line":21,"column":22},"end":{"line":26,"column":5}},"line":21},"3":{"name":"TodoController.getTodoById","decl":{"start":{"line":28,"column":25},"end":{"line":35,"column":5}},"loc":{"start":{"line":28,"column":25},"end":{"line":35,"column":5}},"line":28},"4":{"name":"TodoController.createTodo","decl":{"start":{"line":37,"column":24},"end":{"line":46,"column":5}},"loc":{"start":{"line":37,"column":24},"end":{"line":46,"column":5}},"line":37},"5":{"name":"TodoController.updateTodo","decl":{"start":{"line":48,"column":24},"end":{"line":58,"column":5}},"loc":{"start":{"line":48,"column":24},"end":{"line":58,"column":5}},"line":48},"6":{"name":"TodoController.deleteTodo","decl":{"start":{"line":60,"column":24},"end":{"line":68,"column":5}},"loc":{"start":{"line":60,"column":24},"end":{"line":68,"column":5}},"line":60}},"f":{"0":2,"1":3,"2":1,"3":2,"4":3,"5":3,"6":2}}
,"/home/jmartin/Documentos/Cursos/Javascript/Node/RESTWeb/tests/test-server.ts": {"path":"/home/jmartin/Documentos/Cursos/Javascript/Node/RESTWeb/tests/test-server.ts","all":false,"statementMap":{"0":{"start":{"line":1,"column":0},"end":{"line":1,"column":42}},"1":{"start":{"line":2,"column":0},"end":{"line":2,"column":55}},"2":{"start":{"line":3,"column":0},"end":{"line":3,"column":52}},"3":{"start":{"line":4,"column":0},"end":{"line":4,"column":0}},"4":{"start":{"line":5,"column":0},"end":{"line":5,"column":38}},"5":{"start":{"line":6,"column":0},"end":{"line":6,"column":20}},"6":{"start":{"line":7,"column":0},"end":{"line":7,"column":29}},"7":{"start":{"line":8,"column":0},"end":{"line":8,"column":0}},"8":{"start":{"line":9,"column":0},"end":{"line":9,"column":3}}},"s":{"0":1,"1":1,"2":1,"3":1,"4":1,"5":1,"6":1,"7":1,"8":1},"branchMap":{},"b":{},"fnMap":{},"f":{}}
}
